<?xml version="1.0" encoding="UTF-8"?>
<!-- Generated by org.testng.reporters.JUnitReportReporter -->
<testsuite hostname="Beast_utkarsh" failures="0" tests="3" name="testngsessions.OpenCartTest" time="0.009" errors="0" timestamp="2024-03-31T17:53:48 IST" skipped="0">
  <testcase classname="testngsessions.OpenCartTest" name="headerTest" time="0.007"/>
  <testcase classname="testngsessions.OpenCartTest" name="titleTest" time="0.002"/>
  <testcase classname="testngsessions.OpenCartTest" name="urlTest" time="0.000"/>
</testsuite> <!-- testngsessions.OpenCartTest -->
